2025-05-29 18:37:59,262 - INFO - Processing input file: /Users/matthewmazurek/Downloads/Mazurek 2025 Calendar.doc
2025-05-29 18:38:03,038 - INFO - Parsed 419 events from input file
2025-05-29 18:38:03,040 - INFO - Events processed successfully
2025-05-29 18:38:03,104 - INFO - Calendar generated successfully
2025-05-29 18:38:03,105 - ERROR - Unexpected error: Working outside of application context.

This typically means that you attempted to use functionality that needed
the current application. To solve this, set up an application context
with app.app_context(). See the documentation for more information.
2025-05-29 18:41:51,660 - INFO - Processing input file: /Users/matthewmazurek/Downloads/Mazurek 2025 Calendar.doc
2025-05-29 18:41:54,351 - INFO - Parsed 419 events from input file
2025-05-29 18:41:54,353 - INFO - Events processed successfully
2025-05-29 18:41:54,417 - INFO - Calendar generated successfully
2025-05-29 18:41:54,417 - ERROR - Unexpected error: Working outside of application context.

This typically means that you attempted to use functionality that needed
the current application. To solve this, set up an application context
with app.app_context(). See the documentation for more information.
2025-05-29 18:46:43,359 - INFO - Processing input file: /Users/matthewmazurek/Downloads/Mazurek 2025 Calendar.doc
2025-05-29 18:46:46,035 - INFO - Parsed 419 events from input file
2025-05-29 18:46:46,036 - INFO - Events processed successfully
2025-05-29 18:46:46,103 - INFO - Calendar generated successfully
2025-05-29 18:46:46,103 - INFO - Calendar written to ./data/latest-calendar.ics
2025-05-29 18:48:23,767 - INFO - Processing input file: /Users/matthewmazurek/Downloads/Mazurek 2025 Calendar.doc
2025-05-29 18:48:23,768 - ERROR - Unexpected error: expected str, bytes or os.PathLike object, not NoneType
2025-05-29 18:50:21,170 - INFO - Processing input file: /Users/matthewmazurek/Downloads/Mazurek 2025 Calendar.doc
2025-05-29 18:50:23,875 - INFO - Parsed 419 events from input file
2025-05-29 18:50:23,876 - INFO - Events processed successfully
2025-05-29 18:50:23,942 - INFO - Calendar generated successfully
2025-05-29 18:50:23,942 - INFO - Calendar written to ./data/latest-calendar.ics
2025-05-29 18:51:01,193 - INFO - Processing input file: /Users/matthewmazurek/Downloads/Mazurek 2025 Calendar.doc
2025-05-29 18:54:46,429 - INFO - Processing input file: /Users/matthewmazurek/Downloads/Mazurek 2025 Calendar.doc
2025-05-29 18:54:49,277 - INFO - Parsed 419 events from input file
2025-05-29 18:54:49,279 - INFO - Events processed successfully
2025-05-29 18:54:49,344 - INFO - Calendar generated successfully
2025-05-29 18:54:49,345 - INFO - Calendar written to calendar_20250529_185449.ics
2025-05-29 18:54:49,400 - ERROR - Error: Git operation failed: Command '['git', 'add', 'data/calendars']' returned non-zero exit status 1.
2025-05-29 18:55:44,383 - INFO - Processing input file: /Users/matthewmazurek/Downloads/Mazurek 2025 Calendar.doc
2025-05-29 18:55:47,049 - INFO - Parsed 419 events from input file
2025-05-29 18:55:47,050 - INFO - Events processed successfully
2025-05-29 18:55:47,114 - INFO - Calendar generated successfully
2025-05-29 18:55:47,115 - INFO - Calendar written to calendar_20250529_185547.ics
2025-05-29 18:55:50,132 - INFO - Successfully committed and pushed calendar changes
2025-05-29 18:55:50,133 - INFO - Calendar subscription URL: https://github.com/matthewmazurek/calendar-sync/blob/master/calendar_20250529_185547.ics
2025-05-29 18:57:40,680 - INFO - Processing input file: /Users/matthewmazurek/Downloads/Mazurek 2025 Calendar.doc
2025-05-29 18:57:43,393 - INFO - Parsed 419 events from input file
2025-05-29 18:57:43,394 - INFO - Events processed successfully
2025-05-29 18:57:43,459 - INFO - Calendar generated successfully
2025-05-29 18:57:43,461 - INFO - Calendar written to calendar_20250529_185743.ics
2025-05-29 18:57:45,089 - INFO - Successfully committed and pushed calendar changes
2025-05-29 18:57:45,090 - INFO - Calendar subscription URLs:
  https://github.com/matthewmazurek/calendar-sync/blob/master/data/calendars/calendar_20250529_185743.ics
  https://github.com/matthewmazurek/calendar-sync/blob/master/data/calendars/latest-calendar.ics
2025-05-29 19:03:04,214 - INFO - Processing input file: /Users/matthewmazurek/Downloads/Mazurek 2025 Calendar.doc
2025-05-29 19:03:06,974 - INFO - Parsed 419 events from input file
2025-05-29 19:03:06,975 - INFO - Events processed successfully
2025-05-29 19:03:07,041 - INFO - Calendar generated successfully
2025-05-29 19:03:07,043 - INFO - Calendar written to calendar_20250529_190307.ics
2025-05-29 19:03:08,685 - INFO - Successfully committed and pushed calendar changes
2025-05-29 19:03:08,686 - INFO - Calendar subscription URLs:
  https://raw.githubusercontent.com/matthewmazurek/calendar-sync/refs/heads/master/data/calendars/calendar_20250529_190307.ics
  https://raw.githubusercontent.com/matthewmazurek/calendar-sync/refs/heads/master/data/calendars/latest-calendar.ics
2025-06-01 21:15:01,797 - INFO - Processing input file: /Users/matthewmazurek/Downloads/Mazurek 2025 Calendar.doc
2025-06-01 21:15:05,179 - INFO - Parsed 420 events from input file
2025-06-01 21:15:05,181 - INFO - Events processed successfully
2025-06-01 21:15:05,254 - INFO - Calendar generated successfully
2025-06-01 21:15:05,256 - INFO - Calendar written to calendar_20250601_211505.ics
2025-06-01 21:15:07,211 - INFO - Successfully committed and pushed calendar changes
2025-06-01 21:15:07,211 - INFO - Calendar subscription URLs:
  https://raw.githubusercontent.com/matthewmazurek/calendar-sync/refs/heads/master/data/calendars/calendar_20250601_211505.ics
  https://raw.githubusercontent.com/matthewmazurek/calendar-sync/refs/heads/master/data/calendars/latest-calendar.ics
2025-06-04 21:15:35,647 - INFO - Processing input file: /Users/matthewmazurek/Downloads/Mazurek 2025 Calendar.doc
2025-06-04 21:15:39,014 - INFO - Parsed 421 events from input file
2025-06-04 21:15:39,016 - INFO - Events processed successfully
2025-06-04 21:15:39,082 - INFO - Calendar generated successfully
2025-06-04 21:15:39,084 - INFO - Calendar written to calendar_20250604_211539.ics
2025-06-04 21:15:41,009 - INFO - Successfully committed and pushed calendar changes
2025-06-04 21:15:41,010 - INFO - Calendar subscription URLs:
  https://raw.githubusercontent.com/matthewmazurek/calendar-sync/refs/heads/master/data/calendars/calendar_20250604_211539.ics
  https://raw.githubusercontent.com/matthewmazurek/calendar-sync/refs/heads/master/data/calendars/latest-calendar.ics
2025-07-16 06:41:46,398 - INFO - Processing input file: /Users/matthewmazurek/Downloads/Mazurek 2025 Calendar.docx
2025-07-16 06:41:46,695 - INFO - Parsed 425 events from input file
2025-07-16 06:41:46,696 - INFO - Events processed successfully
2025-07-16 06:41:46,735 - INFO - Calendar generated successfully
2025-07-16 06:41:46,736 - INFO - Calendar written to calendar_20250716_064146.ics
2025-07-16 06:42:23,162 - INFO - Successfully committed and pushed calendar changes
2025-07-16 06:42:23,163 - INFO - Calendar subscription URLs:
  https://raw.githubusercontent.com/matthewmazurek/calendar-sync/refs/heads/master/data/calendars/calendar_20250716_064146.ics
  https://raw.githubusercontent.com/matthewmazurek/calendar-sync/refs/heads/master/data/calendars/latest-calendar.ics
2025-08-20 15:07:21,029 - INFO - Processing input file: /Users/matthewmazurek/Downloads/Mazurek 2025 Calendar.docx
2025-08-20 15:07:21,347 - INFO - Parsed 427 events from input file
2025-08-20 15:07:21,348 - INFO - Events processed successfully
2025-08-20 15:07:21,388 - INFO - Calendar generated successfully
2025-08-20 15:07:21,390 - INFO - Calendar written to calendar_20250820_150721.ics
2025-08-20 15:07:23,176 - INFO - Successfully committed and pushed calendar changes
2025-08-20 15:07:23,177 - INFO - Calendar subscription URLs:
  https://raw.githubusercontent.com/matthewmazurek/calendar-sync/refs/heads/master/data/calendars/calendar_20250820_150721.ics
  https://raw.githubusercontent.com/matthewmazurek/calendar-sync/refs/heads/master/data/calendars/latest-calendar.ics
2025-08-20 15:14:03,188 - INFO - Processing input file: /Users/matthewmazurek/Downloads/Mazurek 2025 Calendar.docx
2025-08-20 15:14:03,507 - INFO - Parsed 427 events from input file
2025-08-20 15:14:03,508 - INFO - Events processed successfully
2025-08-20 15:14:03,549 - INFO - Calendar generated successfully
2025-08-20 15:14:03,550 - INFO - Calendar written to calendar_20250820_151403.ics
2025-08-20 15:14:04,867 - INFO - Successfully committed and pushed calendar changes
2025-08-20 15:14:04,867 - INFO - Calendar subscription URLs:
  https://raw.githubusercontent.com/matthewmazurek/calendar-sync/refs/heads/master/data/calendars/calendar_20250820_151403.ics
  https://raw.githubusercontent.com/matthewmazurek/calendar-sync/refs/heads/master/data/calendars/latest-calendar.ics
2025-10-14 19:45:01,073 - INFO - Processing input file: /Users/matthewmazurek/Downloads/Mazurek 2025 Calendar.docx
2025-10-14 19:45:01,367 - INFO - Parsed 427 events from input file
2025-10-14 19:45:01,368 - INFO - Events processed successfully
2025-10-14 19:45:01,406 - INFO - Calendar generated successfully
2025-10-14 19:45:01,407 - INFO - Calendar written to calendar_20251014_194501.ics
2025-10-14 19:45:03,248 - INFO - Successfully committed and pushed calendar changes
2025-10-14 19:45:03,249 - INFO - Calendar subscription URLs:
  https://raw.githubusercontent.com/matthewmazurek/calendar-sync/refs/heads/master/data/calendars/calendar_20251014_194501.ics
  https://raw.githubusercontent.com/matthewmazurek/calendar-sync/refs/heads/master/data/calendars/latest-calendar.ics
2025-10-14 20:36:31,590 - INFO - Processing input file: /Users/matthewmazurek/Downloads/Mazurek 2025 Calendar.docx
2025-10-14 20:36:32,688 - INFO - Parsed 425 events from input file
2025-10-14 20:36:32,690 - INFO - Events processed successfully
2025-10-14 20:36:32,829 - INFO - Calendar generated successfully
2025-10-14 20:36:32,834 - INFO - Calendar written to calendar_20251014_203632.ics
2025-10-14 20:36:34,772 - INFO - Successfully committed and pushed calendar changes
2025-10-14 20:36:34,773 - INFO - Calendar subscription URLs:
  https://raw.githubusercontent.com/matthewmazurek/calendar-sync/refs/heads/master/data/calendars/calendar_20251014_203632.ics
  https://raw.githubusercontent.com/matthewmazurek/calendar-sync/refs/heads/master/data/calendars/latest-calendar.ics
2025-10-14 20:49:20,474 - INFO - Processing input file: /Users/matthewmazurek/Downloads/Mazurek 2025 Calendar.docx
2025-10-14 20:49:20,801 - INFO - Parsed 425 events from input file
2025-10-14 20:49:20,802 - INFO - Events processed successfully
2025-10-14 20:49:20,841 - INFO - Calendar generated successfully
2025-10-14 20:49:20,842 - INFO - Calendar written to calendar_20251014_204920.ics
2025-10-14 20:49:22,005 - INFO - Successfully committed and pushed calendar changes
2025-10-14 20:49:22,005 - INFO - Calendar subscription URLs:
  https://raw.githubusercontent.com/matthewmazurek/calendar-sync/refs/heads/master/data/calendars/calendar_20251014_204920.ics
  https://raw.githubusercontent.com/matthewmazurek/calendar-sync/refs/heads/master/data/calendars/latest-calendar.ics
2025-10-15 13:15:40,846 - INFO - Available calendar versions:
2025-10-15 13:15:40,846 - INFO -   calendar_20250529_185547.ics (created: 2025-05-29 18:55:47)
2025-10-15 13:15:40,846 - INFO -   calendar_20250529_185743.ics (created: 2025-05-29 18:57:43)
2025-10-15 13:15:40,846 - INFO -   calendar_20250529_190307.ics (created: 2025-05-29 19:03:07)
2025-10-15 13:15:40,846 - INFO -   calendar_20250601_211505.ics (created: 2025-06-01 21:15:05)
2025-10-15 13:15:40,846 - INFO -   calendar_20250604_211539.ics (created: 2025-06-04 21:15:39)
2025-10-15 13:15:40,846 - INFO -   calendar_20250716_064146.ics (created: 2025-07-16 06:41:46)
2025-10-15 13:15:40,846 - INFO -   calendar_20250820_150721.ics (created: 2025-08-20 15:07:21)
2025-10-15 13:15:40,847 - INFO -   calendar_20250820_151403.ics (created: 2025-08-20 15:14:03)
2025-10-15 13:15:40,847 - INFO -   calendar_20251014_194501.ics (created: 2025-10-14 19:45:01)
2025-10-15 13:15:40,847 - INFO -   calendar_20251014_203632.ics (created: 2025-10-14 20:36:32)
2025-10-15 13:15:40,847 - INFO -   calendar_20251014_204920.ics (created: 2025-10-14 20:49:20)
2025-10-15 13:22:57,370 - INFO - Successfully reverted to calendar_20250529_185547.ics
2025-10-15 13:22:58,768 - INFO - Successfully committed and pushed calendar changes
2025-10-15 13:22:58,768 - INFO - Revert changes committed to git
2025-10-15 13:23:33,742 - INFO - Syncing latest-calendar.ics to most recent calendar: calendar_20251014_204920.ics
2025-10-15 13:23:33,743 - INFO - Successfully synced latest-calendar.ics to calendar_20251014_204920.ics
2025-10-15 13:23:34,905 - INFO - Successfully committed and pushed calendar changes
2025-10-15 13:23:34,905 - INFO - Sync changes committed to git
2025-10-15 13:31:53,857 - INFO - Processing input file: /Users/matthewmazurek/Downloads/Mazurek 2025 Calendar.docx
2025-10-15 13:31:54,192 - INFO - Parsed 425 events from input file
2025-10-15 13:31:54,193 - INFO - Events processed successfully
2025-10-15 13:31:54,228 - INFO - Merged calendar: kept 0 events from other years, replaced 2025 events
2025-10-15 13:31:54,262 - INFO - Calendar generated successfully
2025-10-15 13:31:54,263 - INFO - Calendar written to calendar_20251015_133154.ics
2025-10-15 13:31:55,348 - INFO - Successfully committed and pushed calendar changes
2025-10-15 13:31:55,348 - INFO - Calendar subscription URLs:
  https://raw.githubusercontent.com/matthewmazurek/calendar-sync/refs/heads/master/data/calendars/calendar_20251015_133154.ics
  https://raw.githubusercontent.com/matthewmazurek/calendar-sync/refs/heads/master/data/calendars/latest-calendar.ics
2025-10-22 19:18:26,296 - INFO - Processing input file: /Users/matthewmazurek/Downloads/Mazurek 2025 Calendar.docx
2025-10-22 19:18:26,637 - INFO - Parsed 425 events from input file
2025-10-22 19:18:26,638 - INFO - Events processed successfully
2025-10-22 19:18:26,674 - INFO - Merged calendar: kept 0 events from other years, replaced 2025 events
2025-10-22 19:18:26,707 - INFO - Calendar generated successfully
2025-10-22 19:18:26,710 - INFO - Calendar written to calendar_20251022_191826.ics
2025-10-22 19:18:28,037 - INFO - Successfully committed and pushed calendar changes
2025-10-22 19:18:28,037 - INFO - Calendar subscription URLs:
  https://raw.githubusercontent.com/matthewmazurek/calendar-sync/refs/heads/master/data/calendars/calendar_20251022_191826.ics
  https://raw.githubusercontent.com/matthewmazurek/calendar-sync/refs/heads/master/data/calendars/latest-calendar.ics
2025-12-03 13:10:55,712 - INFO - Processing input file: /Users/matthewmazurek/Downloads/Mazurek 2025 Calendar.docx
2025-12-03 13:10:56,071 - INFO - Parsed 425 events from input file
2025-12-03 13:10:56,072 - INFO - Events processed successfully
2025-12-03 13:10:56,113 - INFO - Merged calendar: kept 0 events from other years, replaced 2025 events
2025-12-03 13:10:56,150 - INFO - Calendar generated successfully
2025-12-03 13:10:56,152 - INFO - Calendar written to calendar_20251203_131056.ics
2025-12-03 13:10:58,251 - INFO - Successfully committed and pushed calendar changes
2025-12-03 13:10:58,251 - INFO - Calendar subscription URLs:
  https://raw.githubusercontent.com/matthewmazurek/calendar-sync/refs/heads/master/data/calendars/calendar_20251203_131056.ics
  https://raw.githubusercontent.com/matthewmazurek/calendar-sync/refs/heads/master/data/calendars/latest-calendar.ics
2025-12-03 13:37:12,342 - INFO - Processing input file: /Users/matthewmazurek/Downloads/Mazurek 2026 Calendar.docx
2025-12-03 13:37:12,655 - INFO - Parsed 267 events from input file
2025-12-03 13:37:12,656 - INFO - Events processed successfully
2025-12-03 13:37:12,691 - INFO - Merged calendar: kept 382 events from other years, replaced 2026 events
2025-12-03 13:37:12,746 - INFO - Calendar generated successfully
2025-12-03 13:37:12,749 - INFO - Calendar written to calendar_20251203_133712.ics
2025-12-03 13:37:14,165 - INFO - Successfully committed and pushed calendar changes
2025-12-03 13:37:14,166 - INFO - Calendar subscription URLs:
  https://raw.githubusercontent.com/matthewmazurek/calendar-sync/refs/heads/master/data/calendars/calendar_20251203_133712.ics
  https://raw.githubusercontent.com/matthewmazurek/calendar-sync/refs/heads/master/data/calendars/latest-calendar.ics
2025-12-03 13:55:48,012 - INFO - Processing input file: /Users/matthewmazurek/Downloads/Mazurek 2026 Calendar.docx
2025-12-03 13:55:48,328 - INFO - Parsed 267 events from input file
2025-12-03 13:55:48,329 - INFO - Events processed successfully
2025-12-03 13:55:48,390 - INFO - Merged calendar: kept 382 events from other years, replaced 2026 events
2025-12-03 13:55:48,446 - INFO - Calendar generated successfully
2025-12-03 13:55:48,448 - INFO - Calendar written to calendar_20251203_135548.ics
2025-12-03 13:55:49,529 - INFO - Successfully committed and pushed calendar changes
2025-12-03 13:55:49,529 - INFO - Calendar subscription URLs:
  https://raw.githubusercontent.com/matthewmazurek/calendar-sync/refs/heads/master/data/calendars/calendar_20251203_135548.ics
  https://raw.githubusercontent.com/matthewmazurek/calendar-sync/refs/heads/master/data/calendars/latest-calendar.ics
2025-12-31 15:11:51,859 - INFO - Creating new calendar 'mazurek' from data/latest-calendar.ics
2025-12-31 15:11:51,876 - INFO - Calendar created: data/calendars/mazurek/calendar_20251231_151151.ics
2025-12-31 15:14:39,220 - ERROR - Failed to read calendar file: Failed to read Word document: [Errno 2] No such file or directory: 'soffice'
2025-12-31 15:15:08,229 - ERROR - Unexpected error: Input file not found: ~/Desktop/Mazurek 2026 Calendar.doc
2025-12-31 15:17:01,941 - ERROR - Unexpected error: Input file not found: ~/Desktop/Mazurek 2026 Calendar.docx
2025-12-31 15:17:58,164 - INFO - Updating calendar 'mazurek' with events from ~/Desktop/Mazurek 2026 Calendar.docx for year 2026
2025-12-31 15:17:58,231 - INFO - Calendar updated: data/calendars/mazurek/calendar_20251231_151758.ics
2025-12-31 16:05:32,126 - INFO - Available calendars:
2025-12-31 16:05:32,126 - INFO -   mazurek
2025-12-31 16:11:51,902 - ERROR - Calendar error: Source calendar contains events from multiple years: {2025, 2026}. Please specify --year option.
2025-12-31 16:12:25,016 - ERROR - Calendar error: Source calendar contains events from multiple years: {2025, 2026}. Please specify --year option.
2025-12-31 16:13:08,581 - ERROR - Calendar error: Source calendar contains events from multiple years: {2025, 2026}. Please specify --year option.
2025-12-31 16:16:18,838 - ERROR - Calendar error: Source calendar contains events from multiple years: {2025, 2026}. Please specify --year option.
2025-12-31 16:19:00,217 - ERROR - Calendar error: Source calendar contains events from multiple years: {2025, 2026}. Please specify --year option.
2025-12-31 16:20:52,567 - ERROR - Unexpected error: Input file not found: data/calendar_20251231_151151.ics.ics
2025-12-31 16:30:46,225 - INFO - Reading ICS file: data/calendars/mazurek/calendar.ics
2025-12-31 16:30:46,280 - INFO - Created 754 events from ICS file
2025-12-31 16:30:57,932 - INFO - Reading calendar file: data/calendar_20251231_151151.ics (format: .ics, reader: ICSReader)
2025-12-31 16:30:57,932 - INFO - Reading ICS file: data/calendar_20251231_151151.ics
2025-12-31 16:30:57,954 - INFO - Created 371 events from ICS file
2025-12-31 16:30:57,954 - INFO - Data ingestion: .ics (ICSReader), 371 events, date range: 2025-01-01 to 2025-12-29 (year=2025)
2025-12-31 16:30:57,954 - INFO - Ingested 371 events from data/calendar_20251231_151151.ics
2025-12-31 16:30:57,954 - INFO - Creating new calendar 'mazurek'
2025-12-31 16:30:57,954 - INFO - Processing 371 events
2025-12-31 16:30:57,954 - INFO - Processing pipeline: 371 events
2025-12-31 16:30:57,955 - INFO - Processing 103 all-day events
2025-12-31 16:30:57,955 - INFO - Consolidated 103 all-day events to 103 events
2025-12-31 16:30:57,955 - INFO - Processing 248 regular events
2025-12-31 16:30:57,955 - INFO - Processed 248 regular events to 248 events
2025-12-31 16:30:57,955 - INFO - Processing 20 on-call events
2025-12-31 16:30:57,955 - INFO - Pipeline complete: 371 input events -> 371 final events
2025-12-31 16:30:57,955 - INFO - Processed to 371 events
2025-12-31 16:30:57,955 - ERROR - Unexpected error: 'tuple' object has no attribute 'calendar'
2025-12-31 16:31:31,801 - INFO - Reading calendar file: data/calendar_20251231_151151.ics (format: .ics, reader: ICSReader)
2025-12-31 16:31:31,801 - INFO - Reading ICS file: data/calendar_20251231_151151.ics
2025-12-31 16:31:31,823 - INFO - Created 371 events from ICS file
2025-12-31 16:31:31,823 - INFO - Data ingestion: .ics (ICSReader), 371 events, date range: 2025-01-01 to 2025-12-29 (year=2025)
2025-12-31 16:31:31,823 - INFO - Ingested 371 events from data/calendar_20251231_151151.ics
2025-12-31 16:31:31,823 - INFO - Creating new calendar 'mazurek'
2025-12-31 16:31:31,823 - INFO - Processing 371 events
2025-12-31 16:31:31,823 - INFO - Processing pipeline: 371 events
2025-12-31 16:31:31,823 - INFO - Processing 103 all-day events
2025-12-31 16:31:31,823 - INFO - Consolidated 103 all-day events to 103 events
2025-12-31 16:31:31,823 - INFO - Processing 248 regular events
2025-12-31 16:31:31,824 - INFO - Processed 248 regular events to 248 events
2025-12-31 16:31:31,824 - INFO - Processing 20 on-call events
2025-12-31 16:31:31,824 - INFO - Pipeline complete: 371 input events -> 371 final events
2025-12-31 16:31:31,824 - INFO - Processed to 371 events
2025-12-31 16:31:31,824 - INFO - Processing: ADMIN: 43, CCSC: 50, CLINIC: 114, ENDOSCOPY: 81, ON_CALL: 20, OTHER: 63 (total: 371 -> 371)
2025-12-31 16:31:31,880 - INFO - Writing: Calendar created at data/calendars/mazurek/calendar.ics
2025-12-31 16:31:31,881 - INFO - Calendar created: data/calendars/mazurek/calendar.ics
2025-12-31 16:32:50,127 - INFO - Reading ICS file: data/calendars/mazurek/calendar.ics
2025-12-31 16:32:50,149 - INFO - Created 371 events from ICS file
2025-12-31 16:33:54,251 - INFO - Reading calendar file: /Users/matthewmazurek/Desktop/Mazurek 2025 Calendar.docx (format: .docx, reader: WordReader)
2025-12-31 16:33:54,251 - INFO - Reading Word document: /Users/matthewmazurek/Desktop/Mazurek 2025 Calendar.docx
2025-12-31 16:33:54,263 - INFO - Extracted year: 2025
2025-12-31 16:33:54,554 - INFO - Created 426 event models from Word document
2025-12-31 16:33:54,554 - INFO - Data ingestion: .docx (WordReader), 426 events, date range: 2025-01-01 to 2025-12-31 (year=2025)
2025-12-31 16:33:54,554 - INFO - Ingested 426 events from /Users/matthewmazurek/Desktop/Mazurek 2025 Calendar.docx
2025-12-31 16:33:54,554 - INFO - Creating new calendar 'mazurek'
2025-12-31 16:33:54,554 - INFO - Processing 426 events
2025-12-31 16:33:54,554 - INFO - Processing pipeline: 426 events
2025-12-31 16:33:54,555 - INFO - Processing 132 all-day events
2025-12-31 16:33:54,555 - INFO - Consolidated 132 all-day events to 103 events
2025-12-31 16:33:54,555 - INFO - Processing 245 regular events
2025-12-31 16:33:54,555 - INFO - Processed 245 regular events to 245 events
2025-12-31 16:33:54,555 - INFO - Processing 49 on-call events
2025-12-31 16:33:54,556 - INFO - Pipeline complete: 426 input events -> 374 final events
2025-12-31 16:33:54,556 - INFO - Processed to 374 events
2025-12-31 16:33:54,556 - INFO - Processing: ADMIN: 39, CCSC: 49, CLINIC: 117, ENDOSCOPY: 77, ON_CALL: 49 -> 26, OTHER: 95 -> 66 (total: 426 -> 374)
2025-12-31 16:33:54,628 - INFO - Writing: Calendar created at data/calendars/mazurek/calendar.ics
2025-12-31 16:33:54,628 - INFO - Calendar created: data/calendars/mazurek/calendar.ics
2025-12-31 16:34:09,081 - INFO - Reading calendar file: /Users/matthewmazurek/Desktop/Mazurek 2026 Calendar.docx (format: .docx, reader: WordReader)
2025-12-31 16:34:09,081 - INFO - Reading Word document: /Users/matthewmazurek/Desktop/Mazurek 2026 Calendar.docx
2025-12-31 16:34:09,093 - INFO - Extracted year: 2026
2025-12-31 16:34:09,385 - INFO - Created 410 event models from Word document
2025-12-31 16:34:09,385 - INFO - Data ingestion: .docx (WordReader), 410 events, date range: 2026-01-01 to 2026-12-31 (year=2026)
2025-12-31 16:34:09,385 - INFO - Ingested 410 events from /Users/matthewmazurek/Desktop/Mazurek 2026 Calendar.docx
2025-12-31 16:34:09,385 - INFO - Reading ICS file: data/calendars/mazurek/calendar.ics
2025-12-31 16:34:09,423 - INFO - Created 374 events from ICS file
2025-12-31 16:34:09,423 - INFO - Updating calendar 'mazurek' for year 2026
2025-12-31 16:34:09,423 - INFO - Reading ICS file: data/calendars/mazurek/calendar.ics
2025-12-31 16:34:09,455 - INFO - Created 374 events from ICS file
2025-12-31 16:34:09,456 - INFO - Processing 410 events
2025-12-31 16:34:09,456 - INFO - Processing pipeline: 410 events
2025-12-31 16:34:09,456 - INFO - Processing 111 all-day events
2025-12-31 16:34:09,456 - INFO - Consolidated 111 all-day events to 98 events
2025-12-31 16:34:09,456 - INFO - Processing 265 regular events
2025-12-31 16:34:09,457 - INFO - Processed 265 regular events to 265 events
2025-12-31 16:34:09,457 - INFO - Processing 34 on-call events
2025-12-31 16:34:09,457 - INFO - Pipeline complete: 410 input events -> 383 final events
2025-12-31 16:34:09,457 - INFO - Processed to 383 events
2025-12-31 16:34:09,457 - ERROR - Unexpected error: too many values to unpack (expected 2)
2025-12-31 16:35:01,780 - INFO - Reading calendar file: /Users/matthewmazurek/Desktop/Mazurek 2026 Calendar.docx (format: .docx, reader: WordReader)
2025-12-31 16:35:01,780 - INFO - Reading Word document: /Users/matthewmazurek/Desktop/Mazurek 2026 Calendar.docx
2025-12-31 16:35:01,793 - INFO - Extracted year: 2026
2025-12-31 16:35:02,092 - INFO - Created 410 event models from Word document
2025-12-31 16:35:02,092 - INFO - Data ingestion: .docx (WordReader), 410 events, date range: 2026-01-01 to 2026-12-31 (year=2026)
2025-12-31 16:35:02,092 - INFO - Ingested 410 events from /Users/matthewmazurek/Desktop/Mazurek 2026 Calendar.docx
2025-12-31 16:35:02,092 - INFO - Reading ICS file: data/calendars/mazurek/calendar.ics
2025-12-31 16:35:02,132 - INFO - Created 374 events from ICS file
2025-12-31 16:35:02,133 - INFO - Updating calendar 'mazurek' for year 2026
2025-12-31 16:35:02,133 - INFO - Reading ICS file: data/calendars/mazurek/calendar.ics
2025-12-31 16:35:02,165 - INFO - Created 374 events from ICS file
2025-12-31 16:35:02,166 - INFO - Processing 410 events
2025-12-31 16:35:02,166 - INFO - Processing pipeline: 410 events
2025-12-31 16:35:02,166 - INFO - Processing 111 all-day events
2025-12-31 16:35:02,167 - INFO - Consolidated 111 all-day events to 98 events
2025-12-31 16:35:02,167 - INFO - Processing 265 regular events
2025-12-31 16:35:02,167 - INFO - Processed 265 regular events to 265 events
2025-12-31 16:35:02,167 - INFO - Processing 34 on-call events
2025-12-31 16:35:02,167 - INFO - Pipeline complete: 410 input events -> 383 final events
2025-12-31 16:35:02,167 - INFO - Processed to 383 events
2025-12-31 16:35:02,168 - INFO - Processing: ADMIN: 43, CCSC: 48, CLINIC: 131, ENDOSCOPY: 81, ON_CALL: 34 -> 20, OTHER: 73 -> 60 (total: 410 -> 383)
2025-12-31 16:35:02,255 - INFO - Writing: Calendar updated at data/calendars/mazurek/calendar.ics
2025-12-31 16:35:02,256 - INFO - Calendar updated: data/calendars/mazurek/calendar.ics
2025-12-31 16:39:12,116 - INFO - Reading calendar file: /Users/matthewmazurek/Desktop/Mazurek 2026 Calendar.docx (format: .docx, reader: WordReader)
2025-12-31 16:39:12,116 - INFO - Reading Word document: /Users/matthewmazurek/Desktop/Mazurek 2026 Calendar.docx
2025-12-31 16:39:12,126 - INFO - Extracted year: 2026
2025-12-31 16:39:12,417 - INFO - Created 410 event models from Word document
2025-12-31 16:39:12,417 - INFO - Data ingestion: .docx (WordReader), 410 events, date range: 2026-01-01 to 2026-12-31 (year=2026)
2025-12-31 16:39:12,417 - INFO - Ingested 410 events from /Users/matthewmazurek/Desktop/Mazurek 2026 Calendar.docx
2025-12-31 16:39:12,417 - INFO - Reading ICS file: data/calendars/mazurek/calendar.ics
2025-12-31 16:39:12,472 - INFO - Created 757 events from ICS file
2025-12-31 16:39:12,472 - INFO - Updating calendar 'mazurek' for year 2026
2025-12-31 16:39:12,472 - INFO - Reading ICS file: data/calendars/mazurek/calendar.ics
2025-12-31 16:39:12,532 - INFO - Created 757 events from ICS file
2025-12-31 16:39:12,533 - INFO - Processing 410 events
2025-12-31 16:39:12,533 - INFO - Processing pipeline: 410 events
2025-12-31 16:39:12,533 - INFO - Processing 111 all-day events
2025-12-31 16:39:12,533 - INFO - Consolidated 111 all-day events to 98 events
2025-12-31 16:39:12,533 - INFO - Processing 265 regular events
2025-12-31 16:39:12,533 - INFO - Processed 265 regular events to 265 events
2025-12-31 16:39:12,534 - INFO - Processing 34 on-call events
2025-12-31 16:39:12,534 - INFO - Pipeline complete: 410 input events -> 383 final events
2025-12-31 16:39:12,534 - INFO - Processed to 383 events
2025-12-31 16:39:12,534 - INFO - Processing (Event type: count):
2025-12-31 16:39:12,534 - INFO -   - ADMIN: 43
2025-12-31 16:39:12,534 - INFO -   - CCSC: 48
2025-12-31 16:39:12,534 - INFO -   - CLINIC: 131
2025-12-31 16:39:12,534 - INFO -   - ENDOSCOPY: 81
2025-12-31 16:39:12,534 - INFO -   - ON_CALL: 34 (Collapsed to 20)
2025-12-31 16:39:12,534 - INFO -   - OTHER: 73 (Collapsed to 60)
2025-12-31 16:39:12,534 - INFO -   - Total: 410 (Collapsed to 383)
2025-12-31 16:39:12,613 - INFO - Writing: Calendar updated at data/calendars/mazurek/calendar.ics
2025-12-31 16:39:12,613 - INFO - Calendar updated: data/calendars/mazurek/calendar.ics
2025-12-31 16:46:43,707 - INFO - Reading ICS file: data/calendars/mazurek/calendar.ics
2025-12-31 16:46:43,765 - INFO - Created 757 events from ICS file
2025-12-31 16:46:53,475 - INFO - Reading ICS file: data/calendars/mazurek/calendar.ics
2025-12-31 16:46:53,512 - INFO - Created 383 events from ICS file
2025-12-31 16:48:54,997 - INFO - Reading ICS file: data/calendars/mazurek/calendar.ics
2025-12-31 16:48:55,032 - INFO - Created 383 events from ICS file
2025-12-31 16:53:17,482 - INFO - Reading ICS file: data/calendars/mazurek/calendar.ics
2025-12-31 16:53:17,516 - INFO - Created 383 events from ICS file
2025-12-31 16:54:46,909 - INFO - Reading ICS file: data/calendars/mazurek/calendar.ics
2025-12-31 16:54:46,942 - INFO - Created 383 events from ICS file
2025-12-31 16:54:52,368 - INFO - Reading ICS file: data/calendars/mazurek/calendar.ics
2025-12-31 16:54:52,424 - INFO - Created 757 events from ICS file
2025-12-31 16:58:01,760 - INFO - Reading calendar file: /Users/matthewmazurek/Desktop/Mazurek 2026 Calendar.docx (format: .docx, reader: WordReader)
2025-12-31 16:58:01,760 - INFO - Reading Word document: /Users/matthewmazurek/Desktop/Mazurek 2026 Calendar.docx
2025-12-31 16:58:01,768 - INFO - Extracted revised date from header: 2025-12-16
2025-12-31 16:58:01,768 - INFO - Extracted revised date from Word document: 2025-12-16
2025-12-31 16:58:01,772 - INFO - Extracted year: 2026
2025-12-31 16:58:02,074 - INFO - Created 410 event models from Word document
2025-12-31 16:58:02,074 - INFO - Data ingestion: .docx (WordReader), 410 events, date range: 2026-01-01 to 2026-12-31 (year=2026, revised_date=2025-12-16)
2025-12-31 16:58:02,074 - INFO - Ingested 410 events from /Users/matthewmazurek/Desktop/Mazurek 2026 Calendar.docx
2025-12-31 16:58:02,074 - INFO - Reading ICS file: data/calendars/mazurek/calendar.ics
2025-12-31 16:58:02,130 - INFO - Created 757 events from ICS file
2025-12-31 16:58:02,130 - INFO - Updating calendar 'mazurek' for year 2026
2025-12-31 16:58:02,130 - INFO - Reading ICS file: data/calendars/mazurek/calendar.ics
2025-12-31 16:58:02,192 - INFO - Created 757 events from ICS file
2025-12-31 16:58:02,193 - INFO - Processing 410 events
2025-12-31 16:58:02,193 - INFO - Processing pipeline: 410 events
2025-12-31 16:58:02,193 - INFO - Processing 111 all-day events
2025-12-31 16:58:02,193 - INFO - Consolidated 111 all-day events to 98 events
2025-12-31 16:58:02,193 - INFO - Processing 265 regular events
2025-12-31 16:58:02,194 - INFO - Processed 265 regular events to 265 events
2025-12-31 16:58:02,194 - INFO - Processing 34 on-call events
2025-12-31 16:58:02,194 - INFO - Pipeline complete: 410 input events -> 383 final events
2025-12-31 16:58:02,194 - INFO - Processed to 383 events
2025-12-31 16:58:02,195 - INFO - Processing (Event type: count):
2025-12-31 16:58:02,195 - INFO -   - ADMIN: 43
2025-12-31 16:58:02,195 - INFO -   - CCSC: 48
2025-12-31 16:58:02,195 - INFO -   - CLINIC: 131
2025-12-31 16:58:02,195 - INFO -   - ENDOSCOPY: 81
2025-12-31 16:58:02,195 - INFO -   - ON_CALL: 34 (Collapsed to 20)
2025-12-31 16:58:02,195 - INFO -   - OTHER: 73 (Collapsed to 60)
2025-12-31 16:58:02,195 - INFO -   - Total: 410 (Collapsed to 383)
2025-12-31 16:58:02,273 - INFO - Writing: Calendar updated at data/calendars/mazurek/calendar.ics
2025-12-31 16:58:02,273 - INFO - Calendar updated: data/calendars/mazurek/calendar.ics
2025-12-31 16:59:04,554 - INFO - Reading calendar file: /Users/matthewmazurek/Desktop/Mazurek 2026 Calendar.docx (format: .docx, reader: WordReader)
2025-12-31 16:59:04,554 - INFO - Reading Word document: /Users/matthewmazurek/Desktop/Mazurek 2026 Calendar.docx
2025-12-31 16:59:11,380 - INFO - Extracted revised date from header: 2025-12-16
2025-12-31 16:59:11,380 - INFO - Extracted revised date from Word document: 2025-12-16
2025-12-31 16:59:11,387 - INFO - Extracted year: 2026
2025-12-31 16:59:11,698 - INFO - Created 410 event models from Word document
2025-12-31 16:59:11,698 - INFO - Data ingestion:
2025-12-31 16:59:11,698 - INFO -   - Format: .docx (WordReader)
2025-12-31 16:59:11,698 - INFO -   - Events: 410
2025-12-31 16:59:11,698 - INFO -   - Date range: 2026-01-01 to 2026-12-31
2025-12-31 16:59:11,698 - INFO -   - Year: 2026
2025-12-31 16:59:11,698 - INFO -   - Revised date: 2025-12-16
2025-12-31 16:59:11,698 - INFO - Ingested 410 events from /Users/matthewmazurek/Desktop/Mazurek 2026 Calendar.docx
2025-12-31 16:59:11,698 - INFO - Reading ICS file: data/calendars/mazurek/calendar.ics
2025-12-31 16:59:11,754 - INFO - Created 757 events from ICS file
2025-12-31 16:59:11,755 - INFO - Updating calendar 'mazurek' for year 2026
2025-12-31 16:59:11,755 - INFO - Reading ICS file: data/calendars/mazurek/calendar.ics
2025-12-31 16:59:11,816 - INFO - Created 757 events from ICS file
2025-12-31 16:59:11,817 - INFO - Processing 410 events
2025-12-31 16:59:11,817 - INFO - Processing pipeline: 410 events
2025-12-31 16:59:11,817 - INFO - Processing 111 all-day events
2025-12-31 16:59:11,817 - INFO - Consolidated 111 all-day events to 98 events
2025-12-31 16:59:11,818 - INFO - Processing 265 regular events
2025-12-31 16:59:11,818 - INFO - Processed 265 regular events to 265 events
2025-12-31 16:59:11,818 - INFO - Processing 34 on-call events
2025-12-31 16:59:11,818 - INFO - Pipeline complete: 410 input events -> 383 final events
2025-12-31 16:59:11,818 - INFO - Processed to 383 events
2025-12-31 16:59:11,819 - INFO - Processing (Event type: count):
2025-12-31 16:59:11,819 - INFO -   - ADMIN: 43
2025-12-31 16:59:11,819 - INFO -   - CCSC: 48
2025-12-31 16:59:11,819 - INFO -   - CLINIC: 131
2025-12-31 16:59:11,819 - INFO -   - ENDOSCOPY: 81
2025-12-31 16:59:11,819 - INFO -   - ON_CALL: 34 (Collapsed to 20)
2025-12-31 16:59:11,819 - INFO -   - OTHER: 73 (Collapsed to 60)
2025-12-31 16:59:11,819 - INFO -   - Total: 410 (Collapsed to 383)
2025-12-31 16:59:11,898 - INFO - Writing: Calendar updated at data/calendars/mazurek/calendar.ics
2025-12-31 16:59:11,898 - INFO - Calendar updated: data/calendars/mazurek/calendar.ics
2025-12-31 17:00:11,967 - INFO - Reading calendar file: data/calendar.ics (format: .ics, reader: ICSReader)
2025-12-31 17:00:11,967 - INFO - Reading ICS file: data/calendar.ics
2025-12-31 17:00:12,023 - INFO - Created 757 events from ICS file
2025-12-31 17:00:12,024 - INFO - Data ingestion:
2025-12-31 17:00:12,024 - INFO -   - Format: .ics (ICSReader)
2025-12-31 17:00:12,024 - INFO -   - Events: 757
2025-12-31 17:00:12,024 - INFO -   - Date range: 2025-01-01 to 2026-12-31
2025-12-31 17:00:12,024 - INFO - Ingested 757 events from data/calendar.ics
2025-12-31 17:00:12,024 - INFO - Creating new calendar 'test_cal'
2025-12-31 17:00:12,024 - INFO - Processing 757 events
2025-12-31 17:00:12,024 - INFO - Processing pipeline: 757 events
2025-12-31 17:00:12,024 - INFO - Processing 201 all-day events
2025-12-31 17:00:12,025 - INFO - Consolidated 201 all-day events to 201 events
2025-12-31 17:00:12,025 - INFO - Processing 510 regular events
2025-12-31 17:00:12,025 - INFO - Processed 510 regular events to 510 events
2025-12-31 17:00:12,025 - INFO - Processing 46 on-call events
2025-12-31 17:00:12,025 - INFO - Pipeline complete: 757 input events -> 749 final events
2025-12-31 17:00:12,025 - INFO - Processed to 749 events
2025-12-31 17:00:12,025 - INFO - Processing (Event type: count):
2025-12-31 17:00:12,026 - INFO -   - ADMIN: 82
2025-12-31 17:00:12,026 - INFO -   - CCSC: 97
2025-12-31 17:00:12,026 - INFO -   - CLINIC: 248
2025-12-31 17:00:12,026 - INFO -   - ENDOSCOPY: 158
2025-12-31 17:00:12,026 - INFO -   - ON_CALL: 46 (Collapsed to 38)
2025-12-31 17:00:12,026 - INFO -   - OTHER: 126
2025-12-31 17:00:12,026 - INFO -   - Total: 757 (Collapsed to 749)
2025-12-31 17:00:12,094 - INFO - Writing: Calendar created at data/calendars/test_cal/calendar.ics
2025-12-31 17:00:12,094 - INFO - Calendar created: data/calendars/test_cal/calendar.ics
2025-12-31 17:00:27,661 - INFO - Reading ICS file: data/calendars/test_cal/calendar.ics
2025-12-31 17:00:27,704 - INFO - Created 749 events from ICS file
2025-12-31 17:00:41,007 - INFO - Reading ICS file: data/calendars/test_cal/calendar.ics
2025-12-31 17:00:41,050 - INFO - Created 749 events from ICS file
2025-12-31 17:00:52,634 - ERROR - Calendar 'mazurek' not found
2025-12-31 17:02:20,849 - INFO - Reading calendar file: data/calendar.ics (format: .ics, reader: ICSReader)
2025-12-31 17:02:20,850 - INFO - Reading ICS file: data/calendar.ics
2025-12-31 17:02:20,906 - INFO - Created 757 events from ICS file
2025-12-31 17:02:20,907 - INFO - Data ingestion:
2025-12-31 17:02:20,907 - INFO -   - Format: .ics (ICSReader)
2025-12-31 17:02:20,907 - INFO -   - Events: 757
2025-12-31 17:02:20,907 - INFO -   - Date range: 2025-01-01 to 2026-12-31
2025-12-31 17:02:20,907 - INFO - Ingested 757 events from data/calendar.ics
2025-12-31 17:02:20,907 - INFO - Creating new calendar 'mazurek'
2025-12-31 17:02:20,907 - INFO - Processing 757 events
2025-12-31 17:02:20,907 - INFO - Processing pipeline: 757 events
2025-12-31 17:02:20,908 - INFO - Processing 201 all-day events
2025-12-31 17:02:20,908 - INFO - Consolidated 201 all-day events to 201 events
2025-12-31 17:02:20,908 - INFO - Processing 510 regular events
2025-12-31 17:02:20,908 - INFO - Processed 510 regular events to 510 events
2025-12-31 17:02:20,908 - INFO - Processing 46 on-call events
2025-12-31 17:02:20,908 - INFO - Pipeline complete: 757 input events -> 749 final events
2025-12-31 17:02:20,908 - INFO - Processed to 749 events
2025-12-31 17:02:20,909 - INFO - Processing (Event type: count):
2025-12-31 17:02:20,909 - INFO -   - ADMIN: 82
2025-12-31 17:02:20,909 - INFO -   - CCSC: 97
2025-12-31 17:02:20,909 - INFO -   - CLINIC: 248
2025-12-31 17:02:20,909 - INFO -   - ENDOSCOPY: 158
2025-12-31 17:02:20,909 - INFO -   - ON_CALL: 46 (Collapsed to 38)
2025-12-31 17:02:20,909 - INFO -   - OTHER: 126
2025-12-31 17:02:20,909 - INFO -   - Total: 757 (Collapsed to 749)
2025-12-31 17:02:20,979 - INFO - Writing: Calendar created at data/calendars/mazurek/calendar.ics
2025-12-31 17:02:20,979 - INFO - Calendar created: data/calendars/mazurek/calendar.ics
2025-12-31 17:08:36,003 - ERROR - Calendar 'mazurek' not found
2025-12-31 17:11:32,121 - INFO - Reading calendar file: /Users/matthewmazurek/Desktop/Mazurek 2026 Calendar.docx (format: .docx, reader: WordReader)
2025-12-31 17:11:32,122 - INFO - Reading Word document: /Users/matthewmazurek/Desktop/Mazurek 2026 Calendar.docx
2025-12-31 17:11:32,131 - INFO - Extracted revised date from header: 2025-12-16
2025-12-31 17:11:32,131 - INFO - Extracted revised date from Word document: 2025-12-16
2025-12-31 17:11:32,135 - INFO - Extracted year: 2026
2025-12-31 17:11:32,430 - INFO - Created 410 event models from Word document
2025-12-31 17:11:32,431 - INFO - Data ingestion:
2025-12-31 17:11:32,431 - INFO -   - Format: .docx (WordReader)
2025-12-31 17:11:32,431 - INFO -   - Events: 410
2025-12-31 17:11:32,431 - INFO -   - Date range: 2026-01-01 to 2026-12-31
2025-12-31 17:11:32,431 - INFO -   - Year: 2026
2025-12-31 17:11:32,431 - INFO -   - Revised date: 2025-12-16
2025-12-31 17:11:32,431 - INFO - Ingested 410 events from /Users/matthewmazurek/Desktop/Mazurek 2026 Calendar.docx
2025-12-31 17:11:32,431 - INFO - Reading ICS file: data/calendars/mazurek/calendar.ics
2025-12-31 17:11:32,465 - INFO - Created 383 events from ICS file
2025-12-31 17:11:32,466 - INFO - Updating calendar 'mazurek' for year 2026
2025-12-31 17:11:32,466 - INFO - Reading ICS file: data/calendars/mazurek/calendar.ics
2025-12-31 17:11:32,499 - INFO - Created 383 events from ICS file
2025-12-31 17:11:32,499 - INFO - Processing 410 events
2025-12-31 17:11:32,499 - INFO - Processing pipeline: 410 events
2025-12-31 17:11:32,500 - INFO - Processing 111 all-day events
2025-12-31 17:11:32,500 - INFO - Consolidated 111 all-day events to 98 events
2025-12-31 17:11:32,500 - INFO - Processing 265 regular events
2025-12-31 17:11:32,500 - INFO - Processed 265 regular events to 265 events
2025-12-31 17:11:32,500 - INFO - Processing 34 on-call events
2025-12-31 17:11:32,501 - INFO - Pipeline complete: 410 input events -> 383 final events
2025-12-31 17:11:32,501 - INFO - Processed to 383 events
2025-12-31 17:11:32,501 - INFO - Processing (Event type: count):
2025-12-31 17:11:32,501 - INFO -   - ADMIN: 43
2025-12-31 17:11:32,501 - INFO -   - CCSC: 48
2025-12-31 17:11:32,501 - INFO -   - CLINIC: 131
2025-12-31 17:11:32,501 - INFO -   - ENDOSCOPY: 81
2025-12-31 17:11:32,501 - INFO -   - ON_CALL: 34 (Collapsed to 20)
2025-12-31 17:11:32,501 - INFO -   - OTHER: 73 (Collapsed to 60)
2025-12-31 17:11:32,501 - INFO -   - Total: 410 (Collapsed to 383)
2025-12-31 17:11:32,562 - INFO - Writing: Calendar updated at data/calendars/mazurek/calendar.ics
2025-12-31 17:11:32,562 - INFO - Calendar updated: data/calendars/mazurek/calendar.ics
2025-12-31 17:11:46,924 - INFO - Reading ICS file: data/calendars/mazurek/calendar.ics
2025-12-31 17:11:46,958 - INFO - Created 383 events from ICS file
2025-12-31 17:14:25,382 - INFO - Reading ICS file: data/calendars/mazurek/calendar.ics
2025-12-31 17:14:25,416 - INFO - Created 383 events from ICS file
2025-12-31 17:15:09,039 - INFO - Reading ICS file: data/calendars/mazurek/calendar.ics
2025-12-31 17:15:09,072 - INFO - Created 383 events from ICS file
2025-12-31 17:15:46,968 - INFO - Reading calendar file: /Users/matthewmazurek/Desktop/Mazurek 2025 Calendar.docx (format: .docx, reader: WordReader)
2025-12-31 17:15:46,968 - INFO - Reading Word document: /Users/matthewmazurek/Desktop/Mazurek 2025 Calendar.docx
2025-12-31 17:15:46,976 - INFO - Extracted revised date from header: 2025-11-21
2025-12-31 17:15:46,976 - INFO - Extracted revised date from Word document: 2025-11-21
2025-12-31 17:15:46,980 - INFO - Extracted year: 2025
2025-12-31 17:15:47,273 - INFO - Created 426 event models from Word document
2025-12-31 17:15:47,273 - INFO - Data ingestion:
2025-12-31 17:15:47,273 - INFO -   - Format: .docx (WordReader)
2025-12-31 17:15:47,273 - INFO -   - Events: 426
2025-12-31 17:15:47,273 - INFO -   - Date range: 2025-01-01 to 2025-12-31
2025-12-31 17:15:47,273 - INFO -   - Year: 2025
2025-12-31 17:15:47,273 - INFO -   - Revised date: 2025-11-21
2025-12-31 17:15:47,273 - INFO - Ingested 426 events from /Users/matthewmazurek/Desktop/Mazurek 2025 Calendar.docx
2025-12-31 17:15:47,273 - INFO - Reading ICS file: data/calendars/mazurek/calendar.ics
2025-12-31 17:15:47,307 - INFO - Created 383 events from ICS file
2025-12-31 17:15:47,307 - INFO - Updating calendar 'mazurek' for year 2025
2025-12-31 17:15:47,307 - INFO - Reading ICS file: data/calendars/mazurek/calendar.ics
2025-12-31 17:15:47,341 - INFO - Created 383 events from ICS file
2025-12-31 17:15:47,341 - INFO - Processing 426 events
2025-12-31 17:15:47,341 - INFO - Processing pipeline: 426 events
2025-12-31 17:15:47,342 - INFO - Processing 132 all-day events
2025-12-31 17:15:47,342 - INFO - Consolidated 132 all-day events to 103 events
2025-12-31 17:15:47,342 - INFO - Processing 245 regular events
2025-12-31 17:15:47,342 - INFO - Processed 245 regular events to 245 events
2025-12-31 17:15:47,342 - INFO - Processing 49 on-call events
2025-12-31 17:15:47,343 - INFO - Pipeline complete: 426 input events -> 374 final events
2025-12-31 17:15:47,343 - INFO - Processed to 374 events
2025-12-31 17:15:47,343 - INFO - Processing (Event type: count):
2025-12-31 17:15:47,343 - INFO -   - ADMIN: 39
2025-12-31 17:15:47,343 - INFO -   - CCSC: 49
2025-12-31 17:15:47,343 - INFO -   - CLINIC: 117
2025-12-31 17:15:47,343 - INFO -   - ENDOSCOPY: 77
2025-12-31 17:15:47,343 - INFO -   - ON_CALL: 49 (Collapsed to 26)
2025-12-31 17:15:47,343 - INFO -   - OTHER: 95 (Collapsed to 66)
2025-12-31 17:15:47,343 - INFO -   - Total: 426 (Collapsed to 374)
2025-12-31 17:15:47,427 - INFO - Writing: Calendar updated at data/calendars/mazurek/calendar.ics
2025-12-31 17:15:47,427 - INFO - Calendar updated: data/calendars/mazurek/calendar.ics
2025-12-31 17:16:24,391 - INFO - Reading ICS file: data/calendars/mazurek/calendar.ics
2025-12-31 17:16:24,450 - INFO - Created 757 events from ICS file
2025-12-31 17:16:47,553 - INFO - Reading calendar file: /Users/matthewmazurek/Desktop/Mazurek 2026 Calendar.docx (format: .docx, reader: WordReader)
2025-12-31 17:16:47,553 - INFO - Reading Word document: /Users/matthewmazurek/Desktop/Mazurek 2026 Calendar.docx
2025-12-31 17:16:47,560 - INFO - Extracted revised date from header: 2025-12-16
2025-12-31 17:16:47,560 - INFO - Extracted revised date from Word document: 2025-12-16
2025-12-31 17:16:47,563 - INFO - Extracted year: 2026
2025-12-31 17:16:47,857 - INFO - Created 410 event models from Word document
2025-12-31 17:16:47,857 - INFO - Data ingestion:
2025-12-31 17:16:47,857 - INFO -   - Format: .docx (WordReader)
2025-12-31 17:16:47,857 - INFO -   - Events: 410
2025-12-31 17:16:47,857 - INFO -   - Date range: 2026-01-01 to 2026-12-31
2025-12-31 17:16:47,857 - INFO -   - Year: 2026
2025-12-31 17:16:47,857 - INFO -   - Revised date: 2025-12-16
2025-12-31 17:16:47,857 - INFO - Ingested 410 events from /Users/matthewmazurek/Desktop/Mazurek 2026 Calendar.docx
2025-12-31 17:16:47,858 - INFO - Reading ICS file: data/calendars/mazurek/calendar.ics
2025-12-31 17:16:47,911 - INFO - Created 757 events from ICS file
2025-12-31 17:16:47,912 - INFO - Updating calendar 'mazurek' for year 2026
2025-12-31 17:16:47,912 - INFO - Reading ICS file: data/calendars/mazurek/calendar.ics
2025-12-31 17:16:47,971 - INFO - Created 757 events from ICS file
2025-12-31 17:16:47,971 - INFO - Processing 410 events
2025-12-31 17:16:47,971 - INFO - Processing pipeline: 410 events
2025-12-31 17:16:47,972 - INFO - Processing 111 all-day events
2025-12-31 17:16:47,972 - INFO - Consolidated 111 all-day events to 98 events
2025-12-31 17:16:47,972 - INFO - Processing 265 regular events
2025-12-31 17:16:47,972 - INFO - Processed 265 regular events to 265 events
2025-12-31 17:16:47,972 - INFO - Processing 34 on-call events
2025-12-31 17:16:47,973 - INFO - Pipeline complete: 410 input events -> 383 final events
2025-12-31 17:16:47,973 - INFO - Processed to 383 events
2025-12-31 17:16:47,973 - INFO - Processing (Event type: count):
2025-12-31 17:16:47,973 - INFO -   - ADMIN: 43
2025-12-31 17:16:47,973 - INFO -   - CCSC: 48
2025-12-31 17:16:47,973 - INFO -   - CLINIC: 131
2025-12-31 17:16:47,973 - INFO -   - ENDOSCOPY: 81
2025-12-31 17:16:47,973 - INFO -   - ON_CALL: 34 (Collapsed to 20)
2025-12-31 17:16:47,973 - INFO -   - OTHER: 73 (Collapsed to 60)
2025-12-31 17:16:47,973 - INFO -   - Total: 410 (Collapsed to 383)
2025-12-31 17:16:48,053 - INFO - Writing: Calendar updated at data/calendars/mazurek/calendar.ics
2025-12-31 17:16:48,053 - INFO - Calendar updated: data/calendars/mazurek/calendar.ics
2025-12-31 17:16:51,104 - INFO - Reading ICS file: data/calendars/mazurek/calendar.ics
2025-12-31 17:16:51,158 - INFO - Created 757 events from ICS file
2025-12-31 17:19:05,353 - INFO - Reading ICS file: data/calendars/mazurek/calendar.ics
2025-12-31 17:19:05,408 - INFO - Created 757 events from ICS file
2025-12-31 17:19:05,432 - INFO - No calendar changes to commit
